<?xml version="1.0" encoding="UTF-8"?>
<coverage generated="1746721087272" clover="3.2.0">
  <project timestamp="1746721087273" name="All files">
    <metrics statements="9" coveredstatements="9" conditionals="2" coveredconditionals="1" methods="3" coveredmethods="3" elements="14" coveredelements="13" complexity="0" loc="9" ncloc="9" packages="1" files="1" classes="1"/>
    <file name="countries.service.js" path="C:\Users\schivambo\flag-explorer\backend\src\services\countries.service.js">
      <metrics statements="9" coveredstatements="9" conditionals="2" coveredconditionals="1" methods="3" coveredmethods="3"/>
      <line num="1" count="1" type="stmt"/>
      <line num="2" count="1" type="stmt"/>
      <line num="4" count="1" type="stmt"/>
      <line num="5" count="1" type="stmt"/>
      <line num="6" count="1" type="stmt"/>
      <line num="12" count="1" type="stmt"/>
      <line num="13" count="1" type="stmt"/>
      <line num="14" count="1" type="stmt"/>
      <line num="15" count="1" type="stmt"/>
    </file>
  </project>
</coverage>
